        -:    0:Source:dominion.c
        -:    0:Graph:dominion.gcno
        -:    0:Data:dominion.gcda
        -:    0:Runs:8
        -:    0:Programs:8
        -:    1:#include "dominion.h"
        -:    2:#include "dominion_helpers.h"
        -:    3:#include "rngs.h"
        -:    4:#include <stdio.h>
        -:    5:#include <math.h>
        -:    6:#include <stdlib.h>
        -:    7:
function compare called 525 returned 100% blocks executed 83%
      525:    8:int compare(const void* a, const void* b) {
      525:    9:  if (*(int*)a > *(int*)b)
branch  0 taken 0% (fallthrough)
branch  1 taken 100%
    #####:   10:    return 1;
      525:   11:  if (*(int*)a < *(int*)b)
branch  0 taken 24% (fallthrough)
branch  1 taken 76%
      125:   12:    return -1;
      400:   13:  return 0;
        -:   14:}
        -:   15:
function newGame called 0 returned 0% blocks executed 0%
    #####:   16:struct gameState* newGame() {
    #####:   17:  struct gameState* g = malloc(sizeof(struct gameState));
    #####:   18:  return g;
        -:   19:}
        -:   20:
function kingdomCards called 0 returned 0% blocks executed 0%
    #####:   21:int* kingdomCards(int k1, int k2, int k3, int k4, int k5, int k6, int k7,
        -:   22:		  int k8, int k9, int k10) {
    #####:   23:  int* k = malloc(10 * sizeof(int));
    #####:   24:  k[0] = k1;
    #####:   25:  k[1] = k2;
    #####:   26:  k[2] = k3;
    #####:   27:  k[3] = k4;
    #####:   28:  k[4] = k5;
    #####:   29:  k[5] = k6;
    #####:   30:  k[6] = k7;
    #####:   31:  k[7] = k8;
    #####:   32:  k[8] = k9;
    #####:   33:  k[9] = k10;
    #####:   34:  return k;
        -:   35:}
        -:   36:
function initializeGame called 13 returned 100% blocks executed 97%
       13:   37:int initializeGame(int numPlayers, int kingdomCards[10], int randomSeed,
        -:   38:		   struct gameState *state) {
        -:   39:
        -:   40:  int i;
        -:   41:  int j;
        -:   42:  int it;			
        -:   43:  //set up random number generator
       13:   44:  SelectStream(1);
call    0 returned 100%
       13:   45:  PutSeed((long)randomSeed);
call    0 returned 100%
        -:   46:  
        -:   47:  //check number of players
       13:   48:  if (numPlayers > MAX_PLAYERS || numPlayers < 2)
branch  0 taken 92% (fallthrough)
branch  1 taken 8%
branch  2 taken 8% (fallthrough)
branch  3 taken 92%
        -:   49:    {
        2:   50:      return -1;
        -:   51:    }
        -:   52:
        -:   53:  //set number of players
       11:   54:  state->numPlayers = numPlayers;
        -:   55:
        -:   56:  //check selected kingdom cards are different
      121:   57:  for (i = 0; i < 10; i++)
branch  0 taken 91%
branch  1 taken 9% (fallthrough)
        -:   58:    {
     1210:   59:      for (j = 0; j < 10; j++)
branch  0 taken 91%
branch  1 taken 9% (fallthrough)
        -:   60:        {
     1100:   61:	  if (j != i && kingdomCards[j] == kingdomCards[i])
branch  0 taken 90% (fallthrough)
branch  1 taken 10%
branch  2 taken 0% (fallthrough)
branch  3 taken 100%
        -:   62:	    {
    #####:   63:	      return -1;
        -:   64:	    }
        -:   65:        }
        -:   66:    }
        -:   67:
        -:   68:
        -:   69:  //initialize supply
        -:   70:  ///////////////////////////////
        -:   71:
        -:   72:  //set number of Curse cards
       11:   73:  if (numPlayers == 2)
branch  0 taken 82% (fallthrough)
branch  1 taken 18%
        -:   74:    {
        9:   75:      state->supplyCount[curse] = 10;
        -:   76:    }
        2:   77:  else if (numPlayers == 3)
branch  0 taken 50% (fallthrough)
branch  1 taken 50%
        -:   78:    {
        1:   79:      state->supplyCount[curse] = 20;
        -:   80:    }
        -:   81:  else
        -:   82:    {
        1:   83:      state->supplyCount[curse] = 30;
        -:   84:    }
        -:   85:
        -:   86:  //set number of Victory cards
       11:   87:  if (numPlayers == 2)
branch  0 taken 82% (fallthrough)
branch  1 taken 18%
        -:   88:    {
        9:   89:      state->supplyCount[estate] = 8;
        9:   90:      state->supplyCount[duchy] = 8;
        9:   91:      state->supplyCount[province] = 8;
        -:   92:    }
        -:   93:  else
        -:   94:    {
        2:   95:      state->supplyCount[estate] = 12;
        2:   96:      state->supplyCount[duchy] = 12;
        2:   97:      state->supplyCount[province] = 12;
        -:   98:    }
        -:   99:
        -:  100:  //set number of Treasure cards
       11:  101:  state->supplyCount[copper] = 60 - (7 * numPlayers);
       11:  102:  state->supplyCount[silver] = 40;
       11:  103:  state->supplyCount[gold] = 30;
        -:  104:
        -:  105:  //set number of Kingdom cards
      231:  106:  for (i = adventurer; i <= treasure_map; i++)       	//loop all cards
branch  0 taken 95%
branch  1 taken 5% (fallthrough)
        -:  107:    {
     1819:  108:      for (j = 0; j < 10; j++)           		//loop chosen cards
branch  0 taken 94%
branch  1 taken 6% (fallthrough)
        -:  109:	{
     1705:  110:	  if (kingdomCards[j] == i)
branch  0 taken 6% (fallthrough)
branch  1 taken 94%
        -:  111:	    {
        -:  112:	      //check if card is a 'Victory' Kingdom card
      106:  113:	      if (kingdomCards[j] == great_hall || kingdomCards[j] == gardens)
branch  0 taken 93% (fallthrough)
branch  1 taken 7%
branch  2 taken 11% (fallthrough)
branch  3 taken 89%
        -:  114:		{
       36:  115:		  if (numPlayers == 2){ 
branch  0 taken 78% (fallthrough)
branch  1 taken 22%
       14:  116:		    state->supplyCount[i] = 8; 
        -:  117:		  }
        4:  118:		  else{ state->supplyCount[i] = 12; }
        -:  119:		}
        -:  120:	      else
        -:  121:		{
       88:  122:		  state->supplyCount[i] = 10;
        -:  123:		}
      106:  124:	      break;
        -:  125:	    }
        -:  126:	  else    //card is not in the set choosen for the game
        -:  127:	    {
     1599:  128:	      state->supplyCount[i] = -1;
        -:  129:	    }
        -:  130:	}
        -:  131:
        -:  132:    }
        -:  133:
        -:  134:  ////////////////////////
        -:  135:  //supply intilization complete
        -:  136:
        -:  137:  //set player decks
       36:  138:  for (i = 0; i < numPlayers; i++)
branch  0 taken 69%
branch  1 taken 31% (fallthrough)
        -:  139:    {
       25:  140:      state->deckCount[i] = 0;
      100:  141:      for (j = 0; j < 3; j++)
branch  0 taken 75%
branch  1 taken 25% (fallthrough)
        -:  142:	{
       75:  143:	  state->deck[i][j] = estate;
       75:  144:	  state->deckCount[i]++;
        -:  145:	}
      200:  146:      for (j = 3; j < 10; j++)
branch  0 taken 88%
branch  1 taken 13% (fallthrough)
        -:  147:	{
      175:  148:	  state->deck[i][j] = copper;
      175:  149:	  state->deckCount[i]++;		
        -:  150:	}
        -:  151:    }
        -:  152:
        -:  153:  //shuffle player decks
       36:  154:  for (i = 0; i < numPlayers; i++)
branch  0 taken 69%
branch  1 taken 31% (fallthrough)
        -:  155:    {
       25:  156:      if ( shuffle(i, state) < 0 )
call    0 returned 100%
branch  1 taken 0% (fallthrough)
branch  2 taken 100%
        -:  157:	{
    #####:  158:	  return -1;
        -:  159:	}
        -:  160:    }
        -:  161:
        -:  162:  //draw player hands
       36:  163:  for (i = 0; i < numPlayers; i++)
branch  0 taken 69%
branch  1 taken 31% (fallthrough)
        -:  164:    {  
        -:  165:      //initialize hand size to zero
       25:  166:      state->handCount[i] = 0;
       25:  167:      state->discardCount[i] = 0;
        -:  168:      //draw 5 cards
        -:  169:      // for (j = 0; j < 5; j++)
        -:  170:      //	{
        -:  171:      //	  drawCard(i, state);
        -:  172:      //	}
        -:  173:    }
        -:  174:  
        -:  175:  //set embargo tokens to 0 for all supply piles
      308:  176:  for (i = 0; i <= treasure_map; i++)
branch  0 taken 96%
branch  1 taken 4% (fallthrough)
        -:  177:    {
      297:  178:      state->embargoTokens[i] = 0;
        -:  179:    }
        -:  180:
        -:  181:  //initialize first player's turn
       11:  182:  state->outpostPlayed = 0;
       11:  183:  state->phase = 0;
       11:  184:  state->numActions = 1;
       11:  185:  state->numBuys = 1;
       11:  186:  state->playedCardCount = 0;
       11:  187:  state->whoseTurn = 0;
       11:  188:  state->handCount[state->whoseTurn] = 0;
        -:  189:  //int it; move to top
        -:  190:
        -:  191:  //Moved draw cards to here, only drawing at the start of a turn
       66:  192:  for (it = 0; it < 5; it++){
branch  0 taken 83%
branch  1 taken 17% (fallthrough)
       55:  193:    drawCard(state->whoseTurn, state);
call    0 returned 100%
        -:  194:  }
        -:  195:
       11:  196:  updateCoins(state->whoseTurn, state, 0);
call    0 returned 100%
        -:  197:
       11:  198:  return 0;
        -:  199:}
        -:  200:
function shuffle called 25 returned 100% blocks executed 94%
       25:  201:int shuffle(int player, struct gameState *state) {
        -:  202: 
        -:  203:
        -:  204:  int newDeck[MAX_DECK];
       25:  205:  int newDeckPos = 0;
        -:  206:  int card;
        -:  207:  int i;
        -:  208:
       25:  209:  if (state->deckCount[player] < 1)
branch  0 taken 0% (fallthrough)
branch  1 taken 100%
    #####:  210:    return -1;
       25:  211:  qsort ((void*)(state->deck[player]), state->deckCount[player], sizeof(int), compare); 
call    0 returned 100%
        -:  212:  /* SORT CARDS IN DECK TO ENSURE DETERMINISM! */
        -:  213:
      300:  214:  while (state->deckCount[player] > 0) {
branch  0 taken 91%
branch  1 taken 9% (fallthrough)
      250:  215:    card = floor(Random() * state->deckCount[player]);
call    0 returned 100%
      250:  216:    newDeck[newDeckPos] = state->deck[player][card];
      250:  217:    newDeckPos++;
      874:  218:    for (i = card; i < state->deckCount[player]-1; i++) {
branch  0 taken 71%
branch  1 taken 29% (fallthrough)
      624:  219:      state->deck[player][i] = state->deck[player][i+1];
        -:  220:    }
      250:  221:    state->deckCount[player]--;
        -:  222:  }
      275:  223:  for (i = 0; i < newDeckPos; i++) {
branch  0 taken 91%
branch  1 taken 9% (fallthrough)
      250:  224:    state->deck[player][i] = newDeck[i];
      250:  225:    state->deckCount[player]++;
        -:  226:  }
        -:  227:
       25:  228:  return 0;
        -:  229:}
        -:  230:
function playCard called 0 returned 0% blocks executed 0%
    #####:  231:int playCard(int handPos, int choice1, int choice2, int choice3, struct gameState *state) 
        -:  232:{	
        -:  233:  int card;
    #####:  234:  int coin_bonus = 0; 		//tracks coins gain from actions
        -:  235:
        -:  236:  //check if it is the right phase
    #####:  237:  if (state->phase != 0)
branch  0 never executed
branch  1 never executed
        -:  238:    {
    #####:  239:      return -1;
        -:  240:    }
        -:  241:	
        -:  242:  //check if player has enough actions
    #####:  243:  if ( state->numActions < 1 )
branch  0 never executed
branch  1 never executed
        -:  244:    {
    #####:  245:      return -1;
        -:  246:    }
        -:  247:	
        -:  248:  //get card played
    #####:  249:  card = handCard(handPos, state);
call    0 never executed
        -:  250:	
        -:  251:  //check if selected card is an action
    #####:  252:  if ( card < adventurer || card > treasure_map )
branch  0 never executed
branch  1 never executed
branch  2 never executed
branch  3 never executed
        -:  253:    {
    #####:  254:      return -1;
        -:  255:    }
        -:  256:	
        -:  257:  //play card
    #####:  258:  if ( cardEffect(card, choice1, choice2, choice3, state, handPos, &coin_bonus) < 0 )
call    0 never executed
branch  1 never executed
branch  2 never executed
        -:  259:    {
    #####:  260:      return -1;
        -:  261:    }
        -:  262:	
        -:  263:  //reduce number of actions
    #####:  264:  state->numActions--;
        -:  265:
        -:  266:  //update coins (Treasure cards may be added with card draws)
    #####:  267:  updateCoins(state->whoseTurn, state, coin_bonus);
call    0 never executed
        -:  268:	
    #####:  269:  return 0;
        -:  270:}
        -:  271:
function buyCard called 0 returned 0% blocks executed 0%
    #####:  272:int buyCard(int supplyPos, struct gameState *state) {
        -:  273:  int who;
        -:  274:  if (DEBUG){
        -:  275:    printf("Entering buyCard...\n");
        -:  276:  }
        -:  277:
        -:  278:  // I don't know what to do about the phase thing.
        -:  279:
    #####:  280:  who = state->whoseTurn;
        -:  281:
    #####:  282:  if (state->numBuys < 1){
branch  0 never executed
branch  1 never executed
        -:  283:    if (DEBUG)
        -:  284:      printf("You do not have any buys left\n");
    #####:  285:    return -1;
    #####:  286:  } else if (supplyCount(supplyPos, state) <1){
call    0 never executed
branch  1 never executed
branch  2 never executed
        -:  287:    if (DEBUG)
        -:  288:      printf("There are not any of that type of card left\n");
    #####:  289:    return -1;
    #####:  290:  } else if (state->coins < getCost(supplyPos)){
call    0 never executed
branch  1 never executed
branch  2 never executed
        -:  291:    if (DEBUG) 
        -:  292:      printf("You do not have enough money to buy that. You have %d coins.\n", state->coins);
    #####:  293:    return -1;
        -:  294:  } else {
    #####:  295:    state->phase=1;
        -:  296:    //state->supplyCount[supplyPos]--;
    #####:  297:    gainCard(supplyPos, state, 0, who); //card goes in discard, this might be wrong.. (2 means goes into hand, 0 goes into discard)
call    0 never executed
        -:  298:  
    #####:  299:    state->coins = (state->coins) - (getCost(supplyPos));
call    0 never executed
    #####:  300:    state->numBuys--;
        -:  301:    if (DEBUG)
        -:  302:      printf("You bought card number %d for %d coins. You now have %d buys and %d coins.\n", supplyPos, getCost(supplyPos), state->numBuys, state->coins);
        -:  303:  }
        -:  304:
        -:  305:  //state->discard[who][state->discardCount[who]] = supplyPos;
        -:  306:  //state->discardCount[who]++;
        -:  307:    
    #####:  308:  return 0;
        -:  309:}
        -:  310:
function numHandCards called 0 returned 0% blocks executed 0%
    #####:  311:int numHandCards(struct gameState *state) {
    #####:  312:  return state->handCount[ whoseTurn(state) ];
call    0 never executed
        -:  313:}
        -:  314:
function handCard called 0 returned 0% blocks executed 0%
    #####:  315:int handCard(int handPos, struct gameState *state) {
    #####:  316:  int currentPlayer = whoseTurn(state);
call    0 never executed
    #####:  317:  return state->hand[currentPlayer][handPos];
        -:  318:}
        -:  319:
function supplyCount called 3 returned 100% blocks executed 100%
        3:  320:int supplyCount(int card, struct gameState *state) {
        3:  321:  return state->supplyCount[card];
        -:  322:}
        -:  323:
function fullDeckCount called 0 returned 0% blocks executed 0%
    #####:  324:int fullDeckCount(int player, int card, struct gameState *state) {
        -:  325:  int i;
    #####:  326:  int count = 0;
        -:  327:
    #####:  328:  for (i = 0; i < state->deckCount[player]; i++)
branch  0 never executed
branch  1 never executed
        -:  329:    {
    #####:  330:      if (state->deck[player][i] == card) count++;
branch  0 never executed
branch  1 never executed
        -:  331:    }
        -:  332:
    #####:  333:  for (i = 0; i < state->handCount[player]; i++)
branch  0 never executed
branch  1 never executed
        -:  334:    {
    #####:  335:      if (state->hand[player][i] == card) count++;
branch  0 never executed
branch  1 never executed
        -:  336:    }
        -:  337:
    #####:  338:  for (i = 0; i < state->discardCount[player]; i++)
branch  0 never executed
branch  1 never executed
        -:  339:    {
    #####:  340:      if (state->discard[player][i] == card) count++;
branch  0 never executed
branch  1 never executed
        -:  341:    }
        -:  342:
    #####:  343:  return count;
        -:  344:}
        -:  345:
function whoseTurn called 10 returned 100% blocks executed 100%
       10:  346:int whoseTurn(struct gameState *state) {
       10:  347:  return state->whoseTurn;
        -:  348:}
        -:  349:
function endTurn called 0 returned 0% blocks executed 0%
    #####:  350:int endTurn(struct gameState *state) {
        -:  351:  int k;
        -:  352:  int i;
    #####:  353:  int currentPlayer = whoseTurn(state);
call    0 never executed
        -:  354:  
        -:  355:  //Discard hand
    #####:  356:  for (i = 0; i < state->handCount[currentPlayer]; i++){
branch  0 never executed
branch  1 never executed
    #####:  357:    state->discard[currentPlayer][state->discardCount[currentPlayer]++] = state->hand[currentPlayer][i];//Discard
    #####:  358:    state->hand[currentPlayer][i] = -1;//Set card to -1
        -:  359:  }
    #####:  360:  state->handCount[currentPlayer] = 0;//Reset hand count
        -:  361:    
        -:  362:  //Code for determining the player
    #####:  363:  if (currentPlayer < (state->numPlayers - 1)){ 
branch  0 never executed
branch  1 never executed
    #####:  364:    state->whoseTurn = currentPlayer + 1;//Still safe to increment
        -:  365:  }
        -:  366:  else{
    #####:  367:    state->whoseTurn = 0;//Max player has been reached, loop back around to player 1
        -:  368:  }
        -:  369:
    #####:  370:  state->outpostPlayed = 0;
    #####:  371:  state->phase = 0;
    #####:  372:  state->numActions = 1;
    #####:  373:  state->coins = 0;
    #####:  374:  state->numBuys = 1;
    #####:  375:  state->playedCardCount = 0;
    #####:  376:  state->handCount[state->whoseTurn] = 0;
        -:  377:
        -:  378:  //int k; move to top
        -:  379:  //Next player draws hand
    #####:  380:  for (k = 0; k < 5; k++){
branch  0 never executed
branch  1 never executed
    #####:  381:    drawCard(state->whoseTurn, state);//Draw a card
call    0 never executed
        -:  382:  }
        -:  383:
        -:  384:  //Update money
    #####:  385:  updateCoins(state->whoseTurn, state , 0);
call    0 never executed
        -:  386:
    #####:  387:  return 0;
        -:  388:}
        -:  389:
function isGameOver called 6 returned 100% blocks executed 100%
        6:  390:int isGameOver(struct gameState *state) {
        -:  391:  int i;
        -:  392:  int j;
        -:  393:	
        -:  394:  //if stack of Province cards is empty, the game ends
        6:  395:  if (state->supplyCount[province] == 0)
branch  0 taken 17% (fallthrough)
branch  1 taken 83%
        -:  396:    {
        1:  397:      return 1;
        -:  398:    }
        -:  399:
        -:  400:  //if three supply pile are at 0, the game ends
        5:  401:  j = 0;
      130:  402:  for (i = 0; i < 25; i++)
branch  0 taken 96%
branch  1 taken 4% (fallthrough)
        -:  403:    {
      125:  404:      if (state->supplyCount[i] == 0)
branch  0 taken 5% (fallthrough)
branch  1 taken 95%
        -:  405:	{
        6:  406:	  j++;
        -:  407:	}
        -:  408:    }
        5:  409:  if ( j >= 3)
branch  0 taken 20% (fallthrough)
branch  1 taken 80%
        -:  410:    {
        1:  411:      return 1;
        -:  412:    }
        -:  413:
        4:  414:  return 0;
        -:  415:}
        -:  416:
function scoreFor called 0 returned 0% blocks executed 0%
    #####:  417:int scoreFor (int player, struct gameState *state) {
        -:  418:
        -:  419:  int i;
    #####:  420:  int score = 0;
        -:  421:  //score from hand
    #####:  422:  for (i = 0; i < state->handCount[player]; i++)
branch  0 never executed
branch  1 never executed
        -:  423:    {
    #####:  424:      if (state->hand[player][i] == curse) { score = score - 1; };
branch  0 never executed
branch  1 never executed
    #####:  425:      if (state->hand[player][i] == estate) { score = score + 1; };
branch  0 never executed
branch  1 never executed
    #####:  426:      if (state->hand[player][i] == duchy) { score = score + 3; };
branch  0 never executed
branch  1 never executed
    #####:  427:      if (state->hand[player][i] == province) { score = score + 6; };
branch  0 never executed
branch  1 never executed
    #####:  428:      if (state->hand[player][i] == great_hall) { score = score + 1; };
branch  0 never executed
branch  1 never executed
    #####:  429:      if (state->hand[player][i] == gardens) { score = score + ( fullDeckCount(player, 0, state) / 10 ); };
branch  0 never executed
branch  1 never executed
call    2 never executed
        -:  430:    }
        -:  431:
        -:  432:  //score from discard
    #####:  433:  for (i = 0; i < state->discardCount[player]; i++)
branch  0 never executed
branch  1 never executed
        -:  434:    {
    #####:  435:      if (state->discard[player][i] == curse) { score = score - 1; };
branch  0 never executed
branch  1 never executed
    #####:  436:      if (state->discard[player][i] == estate) { score = score + 1; };
branch  0 never executed
branch  1 never executed
    #####:  437:      if (state->discard[player][i] == duchy) { score = score + 3; };
branch  0 never executed
branch  1 never executed
    #####:  438:      if (state->discard[player][i] == province) { score = score + 6; };
branch  0 never executed
branch  1 never executed
    #####:  439:      if (state->discard[player][i] == great_hall) { score = score + 1; };
branch  0 never executed
branch  1 never executed
    #####:  440:      if (state->discard[player][i] == gardens) { score = score + ( fullDeckCount(player, 0, state) / 10 ); };
branch  0 never executed
branch  1 never executed
call    2 never executed
        -:  441:    }
        -:  442:
        -:  443:  //score from deck
    #####:  444:  for (i = 0; i < state->discardCount[player]; i++)
branch  0 never executed
branch  1 never executed
        -:  445:    {
    #####:  446:      if (state->deck[player][i] == curse) { score = score - 1; };
branch  0 never executed
branch  1 never executed
    #####:  447:      if (state->deck[player][i] == estate) { score = score + 1; };
branch  0 never executed
branch  1 never executed
    #####:  448:      if (state->deck[player][i] == duchy) { score = score + 3; };
branch  0 never executed
branch  1 never executed
    #####:  449:      if (state->deck[player][i] == province) { score = score + 6; };
branch  0 never executed
branch  1 never executed
    #####:  450:      if (state->deck[player][i] == great_hall) { score = score + 1; };
branch  0 never executed
branch  1 never executed
    #####:  451:      if (state->deck[player][i] == gardens) { score = score + ( fullDeckCount(player, 0, state) / 10 ); };
branch  0 never executed
branch  1 never executed
call    2 never executed
        -:  452:    }
        -:  453:
    #####:  454:  return score;
        -:  455:}
        -:  456:
function getWinners called 0 returned 0% blocks executed 0%
    #####:  457:int getWinners(int players[MAX_PLAYERS], struct gameState *state) {
        -:  458:  int i;	
        -:  459:  int j;
        -:  460:  int highScore;
        -:  461:  int currentPlayer;
        -:  462:
        -:  463:  //get score for each player
    #####:  464:  for (i = 0; i < MAX_PLAYERS; i++)
branch  0 never executed
branch  1 never executed
        -:  465:    {
        -:  466:      //set unused player scores to -9999
    #####:  467:      if (i >= state->numPlayers)
branch  0 never executed
branch  1 never executed
        -:  468:	{
    #####:  469:	  players[i] = -9999;
        -:  470:	}
        -:  471:      else
        -:  472:	{
    #####:  473:	  players[i] = scoreFor (i, state);
call    0 never executed
        -:  474:	}
        -:  475:    }
        -:  476:
        -:  477:  //find highest score
    #####:  478:  j = 0;
    #####:  479:  for (i = 0; i < MAX_PLAYERS; i++)
branch  0 never executed
branch  1 never executed
        -:  480:    {
    #####:  481:      if (players[i] > players[j])
branch  0 never executed
branch  1 never executed
        -:  482:	{
    #####:  483:	  j = i;
        -:  484:	}
        -:  485:    }
    #####:  486:  highScore = players[j];
        -:  487:
        -:  488:  //add 1 to players who had less turns
    #####:  489:  currentPlayer = whoseTurn(state);
call    0 never executed
    #####:  490:  for (i = 0; i < MAX_PLAYERS; i++)
branch  0 never executed
branch  1 never executed
        -:  491:    {
    #####:  492:      if ( players[i] == highScore && i > currentPlayer )
branch  0 never executed
branch  1 never executed
branch  2 never executed
branch  3 never executed
        -:  493:	{
    #####:  494:	  players[i]++;
        -:  495:	}
        -:  496:    }
        -:  497:
        -:  498:  //find new highest score
    #####:  499:  j = 0;
    #####:  500:  for (i = 0; i < MAX_PLAYERS; i++)
branch  0 never executed
branch  1 never executed
        -:  501:    {
    #####:  502:      if ( players[i] > players[j] )
branch  0 never executed
branch  1 never executed
        -:  503:	{
    #####:  504:	  j = i;
        -:  505:	}
        -:  506:    }
    #####:  507:  highScore = players[j];
        -:  508:
        -:  509:  //set winners in array to 1 and rest to 0
    #####:  510:  for (i = 0; i < MAX_PLAYERS; i++)
branch  0 never executed
branch  1 never executed
        -:  511:    {
    #####:  512:      if ( players[i] == highScore )
branch  0 never executed
branch  1 never executed
        -:  513:	{
    #####:  514:	  players[i] = 1;
        -:  515:	}
        -:  516:      else
        -:  517:	{
    #####:  518:	  players[i] = 0;
        -:  519:	}
        -:  520:    }
        -:  521:
    #####:  522:  return 0;
        -:  523:}
        -:  524:
function drawCard called 63 returned 100% blocks executed 38%
       63:  525:int drawCard(int player, struct gameState *state)
        -:  526:{	int count;
        -:  527:  int deckCounter;
       63:  528:  if (state->deckCount[player] <= 0){//Deck is empty
branch  0 taken 0% (fallthrough)
branch  1 taken 100%
        -:  529:    
        -:  530:    //Step 1 Shuffle the discard pile back into a deck
        -:  531:    int i;
        -:  532:    //Move discard to deck
    #####:  533:    for (i = 0; i < state->discardCount[player];i++){
branch  0 never executed
branch  1 never executed
    #####:  534:      state->deck[player][i] = state->discard[player][i];
    #####:  535:      state->discard[player][i] = -1;
        -:  536:    }
        -:  537:
    #####:  538:    state->deckCount[player] = state->discardCount[player];
    #####:  539:    state->discardCount[player] = 0;//Reset discard
        -:  540:
        -:  541:    //Shufffle the deck
    #####:  542:    shuffle(player, state);//Shuffle the deck up and make it so that we can draw
call    0 never executed
        -:  543:   
        -:  544:    if (DEBUG){//Debug statements
        -:  545:      printf("Deck count now: %d\n", state->deckCount[player]);
        -:  546:    }
        -:  547:    
    #####:  548:    state->discardCount[player] = 0;
        -:  549:
        -:  550:    //Step 2 Draw Card
    #####:  551:    count = state->handCount[player];//Get current player's hand count
        -:  552:    
        -:  553:    if (DEBUG){//Debug statements
        -:  554:      printf("Current hand count: %d\n", count);
        -:  555:    }
        -:  556:    
    #####:  557:    deckCounter = state->deckCount[player];//Create a holder for the deck count
        -:  558:
    #####:  559:    if (deckCounter == 0)
branch  0 never executed
branch  1 never executed
    #####:  560:      return -1;
        -:  561:
    #####:  562:    state->hand[player][count] = state->deck[player][deckCounter - 1];//Add card to hand
    #####:  563:    state->deckCount[player]--;
    #####:  564:    state->handCount[player]++;//Increment hand count
        -:  565:  }
        -:  566:
        -:  567:  else{
       63:  568:    int count = state->handCount[player];//Get current hand count for player
        -:  569:    int deckCounter;
        -:  570:    if (DEBUG){//Debug statements
        -:  571:      printf("Current hand count: %d\n", count);
        -:  572:    }
        -:  573:
       63:  574:    deckCounter = state->deckCount[player];//Create holder for the deck count
       63:  575:    state->hand[player][count] = state->deck[player][deckCounter - 1];//Add card to the hand
       63:  576:    state->deckCount[player]--;
       63:  577:    state->handCount[player]++;//Increment hand count
        -:  578:  }
        -:  579:
       63:  580:  return 0;
        -:  581:}
        -:  582:
function getCost called 33 returned 100% blocks executed 97%
       33:  583:int getCost(int cardNumber)
        -:  584:{
       33:  585:  switch( cardNumber ) 
branch  0 taken 3%
branch  1 taken 6%
branch  2 taken 3%
branch  3 taken 3%
branch  4 taken 12%
branch  5 taken 6%
branch  6 taken 6%
branch  7 taken 3%
branch  8 taken 3%
branch  9 taken 3%
branch 10 taken 3%
branch 11 taken 3%
branch 12 taken 3%
branch 13 taken 3%
branch 14 taken 3%
branch 15 taken 3%
branch 16 taken 3%
branch 17 taken 3%
branch 18 taken 3%
branch 19 taken 3%
branch 20 taken 3%
branch 21 taken 3%
branch 22 taken 3%
branch 23 taken 3%
branch 24 taken 3%
branch 25 taken 3%
branch 26 taken 3%
branch 27 taken 0%
        -:  586:    {
        -:  587:    case curse:
        1:  588:      return 0;
        -:  589:    case estate:
        2:  590:      return 2;
        -:  591:    case duchy:
        1:  592:      return 5;
        -:  593:    case province:
        1:  594:      return 8;
        -:  595:    case copper:
        4:  596:      return 0;
        -:  597:    case silver:
        2:  598:      return 3;
        -:  599:    case gold:
        2:  600:      return 6;
        -:  601:    case adventurer:
        1:  602:      return 6;
        -:  603:    case council_room:
        1:  604:      return 5;
        -:  605:    case feast:
        1:  606:      return 4;
        -:  607:    case gardens:
        1:  608:      return 4;
        -:  609:    case mine:
        1:  610:      return 5;
        -:  611:    case remodel:
        1:  612:      return 4;
        -:  613:    case smithy:
        1:  614:      return 4;
        -:  615:    case village:
        1:  616:      return 3;
        -:  617:    case baron:
        1:  618:      return 4;
        -:  619:    case great_hall:
        1:  620:      return 3;
        -:  621:    case minion:
        1:  622:      return 5;
        -:  623:    case steward:
        1:  624:      return 3;
        -:  625:    case tribute:
        1:  626:      return 5;
        -:  627:    case ambassador:
        1:  628:      return 3;
        -:  629:    case cutpurse:
        1:  630:      return 4;
        -:  631:    case embargo: 
        1:  632:      return 2;
        -:  633:    case outpost:
        1:  634:      return 5;
        -:  635:    case salvager:
        1:  636:      return 4;
        -:  637:    case sea_hag:
        1:  638:      return 4;
        -:  639:    case treasure_map:
        1:  640:      return 4;
        -:  641:    }
        -:  642:	
    #####:  643:  return -1;
        -:  644:}
        -:  645:
        -:  646:
function smithyCall called 1 returned 100% blocks executed 100%
        1:  647:int smithyCall(struct gameState *state, int handPos){
        -:  648://BUG on line 652
        -:  649:
        -:  650://+3 Cards
        1:  651:int currentPlayer = whoseTurn(state);
call    0 returned 100%
        -:  652:
        5:  653:      for (int i = 0; i < 4; i++) //BUG inserted here - draws 4 cards not 3
branch  0 taken 80%
branch  1 taken 20% (fallthrough)
        -:  654:	{
        4:  655:	  drawCard(currentPlayer, state);
call    0 returned 100%
        -:  656:	}
        -:  657:			
        -:  658:      //discard card from hand
        1:  659:      discardCard(handPos, currentPlayer, state, 0);
call    0 returned 100%
        1:  660:      return 0;
        -:  661:	
        -:  662:}	
        -:  663:
function villageCall called 1 returned 100% blocks executed 100%
        1:  664:int villageCall(int card, int choice1, int choice2, int choice3, struct gameState *state, int handPos, int *bonus){
        -:  665://BUG on line 672 
        -:  666:	
        -:  667:	//+1 Card
        1:  668:	int currentPlayer = whoseTurn(state);
call    0 returned 100%
        1:  669:      drawCard(currentPlayer, state);
call    0 returned 100%
        -:  670:			
        -:  671:      //+2 Actions
        1:  672:      state->numActions = state->numActions + 1; //BUG inserted here - adds one action not 2
        -:  673:			
        -:  674:      //discard played card from hand
        1:  675:      discardCard(handPos, currentPlayer, state, 0);
call    0 returned 100%
        1:  676:      return 0;
        -:  677:	
        -:  678:}
        -:  679:
function adventurerCall called 1 returned 100% blocks executed 88%
        1:  680:int adventurerCall(int card, int choice1, int choice2, int choice3, struct gameState *state, int handPos, int *bonus){
        -:  681://BUG on line 700 
        -:  682:	
        1:  683:	int z = 0;// this is the counter for the temp hand
        1:  684:	int drawntreasure=0;
        -:  685:	int cardDrawn;
        1:  686:	int currentPlayer = whoseTurn(state);
call    0 returned 100%
        -:  687:	int temphand[MAX_HAND];// moved above the if statement
        -:  688:	
        5:  689:	while(drawntreasure<2){
branch  0 taken 75%
branch  1 taken 25% (fallthrough)
        3:  690:	if (state->deckCount[currentPlayer] <1){//if the deck is empty we need to shuffle discard and add to deck
branch  0 taken 0% (fallthrough)
branch  1 taken 100%
    #####:  691:	  shuffle(currentPlayer, state);
call    0 never executed
        -:  692:	}
        3:  693:	drawCard(currentPlayer, state);
call    0 returned 100%
        3:  694:	cardDrawn = state->hand[currentPlayer][state->handCount[currentPlayer]-1];//top card of hand is most recently drawn card.
        3:  695:	if (cardDrawn == copper || cardDrawn == silver || cardDrawn == gold)
branch  0 taken 33% (fallthrough)
branch  1 taken 67%
branch  2 taken 100% (fallthrough)
branch  3 taken 0%
branch  4 taken 0% (fallthrough)
branch  5 taken 100%
        2:  696:	  drawntreasure++;
        -:  697:	else{
        1:  698:	  temphand[z]=cardDrawn;
        1:  699:	  state->handCount[currentPlayer]--; //this should just remove the top card (the most recently drawn one).
        -:  700:	  //z++; //BUG inserted here - does not index the counter 
        -:  701:	}
        -:  702:      }
        2:  703:      while(z-1>=0){
branch  0 taken 0%
branch  1 taken 100% (fallthrough)
    #####:  704:	state->discard[currentPlayer][state->discardCount[currentPlayer]++]=temphand[z-1]; // discard all cards in play that have been drawn
    #####:  705:	z=z-1;
        -:  706:      }
        1:  707:      return 0;
        -:  708:}
        -:  709:
function mineCall called 7 returned 100% blocks executed 95%
        7:  710:int mineCall(int card, int choice1, int choice2, int choice3, struct gameState *state, int handPos, int *bonus){
        -:  711://BUG on line 727 
        -:  712:	
        -:  713:	int j;
        7:  714:	int currentPlayer = whoseTurn(state);
call    0 returned 100%
        -:  715:	
        7:  716:	j = state->hand[currentPlayer][choice1];  //store card we will trash
        -:  717:
        7:  718:      if (state->hand[currentPlayer][choice1] < copper || state->hand[currentPlayer][choice1] > gold)
branch  0 taken 86% (fallthrough)
branch  1 taken 14%
branch  2 taken 17% (fallthrough)
branch  3 taken 83%
        -:  719:	{
        2:  720:	  return -1;
        -:  721:	}
        -:  722:		
        5:  723:      if (choice2 > treasure_map || choice2 < curse)
branch  0 taken 80% (fallthrough)
branch  1 taken 20%
branch  2 taken 25% (fallthrough)
branch  3 taken 75%
        -:  724:	{
        2:  725:	  return -1;
        -:  726:	}
        -:  727:
        3:  728:      if ( (getCost(state->hand[currentPlayer][choice1]) + 2) > getCost(choice2) ) //BUG inserted here - checks price by 2 instead of 3
call    0 returned 100%
call    1 returned 100%
branch  2 taken 0% (fallthrough)
branch  3 taken 100%
        -:  729:	{
    #####:  730:	  return -1;
        -:  731:	}
        -:  732:
        3:  733:      gainCard(choice2, state, 2, currentPlayer);
call    0 returned 100%
        -:  734:
        -:  735:      //discard card from hand
        3:  736:      discardCard(handPos, currentPlayer, state, 0);
call    0 returned 100%
        -:  737:
        -:  738:      //discard trashed card
        6:  739:      for (int i = 0; i < state->handCount[currentPlayer]; i++)
branch  0 taken 100%
branch  1 taken 0% (fallthrough)
        -:  740:	{
        6:  741:	  if (state->hand[currentPlayer][i] == j)
branch  0 taken 50% (fallthrough)
branch  1 taken 50%
        -:  742:	    {
        3:  743:	      discardCard(i, currentPlayer, state, 0);			
call    0 returned 100%
        3:  744:	      break;
        -:  745:	    }
        -:  746:	}
        -:  747:			
        3:  748:      return 0;
        -:  749:}
        -:  750:
function baronCall called 0 returned 0% blocks executed 0%
    #####:  751:int baronCall(int card, int choice1, int choice2, int choice3, struct gameState *state, int handPos, int *bonus){
    #####:  752:	int currentPlayer = whoseTurn(state);
call    0 never executed
    #####:  753:	state->numBuys++;//Increase buys by 1!
    #####:  754:      if (choice1 > 0){//Boolean true or going to discard an estate
branch  0 never executed
branch  1 never executed
    #####:  755:	int p = 0;//Iterator for hand!
    #####:  756:	int card_not_discarded = 1;//Flag for discard set!
    #####:  757:	while(card_not_discarded){
branch  0 never executed
branch  1 never executed
    #####:  758:	  if (state->hand[currentPlayer][p] == estate){//Found an estate card!
branch  0 never executed
branch  1 never executed
    #####:  759:	    state->coins += 4;//Add 4 coins to the amount of coins
    #####:  760:	    state->discard[currentPlayer][state->discardCount[currentPlayer]] = state->hand[currentPlayer][p];
    #####:  761:	    state->discardCount[currentPlayer]++;
    #####:  762:	    for (;p < state->handCount[currentPlayer]; p++){
branch  0 never executed
branch  1 never executed
    #####:  763:	      state->hand[currentPlayer][p] = state->hand[currentPlayer][p+1];
        -:  764:	    }
    #####:  765:	    state->hand[currentPlayer][state->handCount[currentPlayer]] = -1;
    #####:  766:	    state->handCount[currentPlayer]--;
    #####:  767:	    card_not_discarded = 0;//Exit the loop
        -:  768:	  }
    #####:  769:	  else if (p > state->handCount[currentPlayer]){
branch  0 never executed
branch  1 never executed
        -:  770:	    if(DEBUG) {
        -:  771:	      printf("No estate cards in your hand, invalid choice\n");
        -:  772:	      printf("Must gain an estate if there are any\n");
        -:  773:	    }
    #####:  774:	    if (supplyCount(estate, state) > 0){
call    0 never executed
branch  1 never executed
branch  2 never executed
    #####:  775:	      gainCard(estate, state, 0, currentPlayer);
call    0 never executed
    #####:  776:	      state->supplyCount[estate]--;//Decrement estates
    #####:  777:	      if (supplyCount(estate, state) == 0){
call    0 never executed
branch  1 never executed
branch  2 never executed
    #####:  778:		isGameOver(state);
call    0 never executed
        -:  779:	      }
        -:  780:	    }
    #####:  781:	    card_not_discarded = 0;//Exit the loop
        -:  782:	  }
        -:  783:			    
        -:  784:	  else{
    #####:  785:	    p++;//Next card
        -:  786:	  }
        -:  787:	}
        -:  788:      }
        -:  789:			    
        -:  790:      else{
    #####:  791:	if (supplyCount(estate, state) > 0){
call    0 never executed
branch  1 never executed
branch  2 never executed
    #####:  792:	  gainCard(estate, state, 0, currentPlayer);//Gain an estate
call    0 never executed
    #####:  793:	  state->supplyCount[estate]--;//Decrement Estates
    #####:  794:	  if (supplyCount(estate, state) == 0){
call    0 never executed
branch  1 never executed
branch  2 never executed
    #####:  795:	    isGameOver(state);
call    0 never executed
        -:  796:	  }
        -:  797:	}
        -:  798:      }
        -:  799:	    
        -:  800:      
    #####:  801:      return 0;
        -:  802:}
        -:  803:
function ambassadorCall called 0 returned 0% blocks executed 0%
    #####:  804:int ambassadorCall(int card, int choice1, int choice2, int choice3, struct gameState *state, int handPos, int *bonus){
    #####:  805:	int j = 0;		//used to check if player has enough cards to discard
    #####:  806:	int currentPlayer = whoseTurn(state);
call    0 never executed
    #####:  807:      if (choice2 > 2 || choice2 < 0)
branch  0 never executed
branch  1 never executed
branch  2 never executed
branch  3 never executed
        -:  808:	{
    #####:  809:	  return -1;				
        -:  810:	}
        -:  811:
    #####:  812:      if (choice1 == handPos)
branch  0 never executed
branch  1 never executed
        -:  813:	{
    #####:  814:	  return -1;
        -:  815:	}
        -:  816:
    #####:  817:      for (int i = 0; i < state->handCount[currentPlayer]; i++)
branch  0 never executed
branch  1 never executed
        -:  818:	{
    #####:  819:	  if (i != handPos && i == state->hand[currentPlayer][choice1] && i != choice1)
branch  0 never executed
branch  1 never executed
branch  2 never executed
branch  3 never executed
branch  4 never executed
branch  5 never executed
        -:  820:	    {
    #####:  821:	      j++;
        -:  822:	    }
        -:  823:	}
    #####:  824:      if (j < choice2)
branch  0 never executed
branch  1 never executed
        -:  825:	{
    #####:  826:	  return -1;				
        -:  827:	}
        -:  828:
        -:  829:      if (DEBUG) 
        -:  830:	printf("Player %d reveals card number: %d\n", currentPlayer, state->hand[currentPlayer][choice1]);
        -:  831:
        -:  832:      //increase supply count for choosen card by amount being discarded
    #####:  833:      state->supplyCount[state->hand[currentPlayer][choice1]] += choice2;
        -:  834:			
        -:  835:      //each other player gains a copy of revealed card
    #####:  836:      for (int i = 0; i < state->numPlayers; i++)
branch  0 never executed
branch  1 never executed
        -:  837:	{
    #####:  838:	  if (i != currentPlayer)
branch  0 never executed
branch  1 never executed
        -:  839:	    {
    #####:  840:	      gainCard(state->hand[currentPlayer][choice1], state, 0, i);
call    0 never executed
        -:  841:	    }
        -:  842:	}
        -:  843:
        -:  844:      //discard played card from hand
    #####:  845:      discardCard(handPos, currentPlayer, state, 0);			
call    0 never executed
        -:  846:
        -:  847:      //trash copies of cards returned to supply
    #####:  848:      for (int j = 0; j < choice2; j++)
branch  0 never executed
branch  1 never executed
        -:  849:	{
    #####:  850:	  for (int i = 0; i < state->handCount[currentPlayer]; i++)
branch  0 never executed
branch  1 never executed
        -:  851:	    {
    #####:  852:	      if (state->hand[currentPlayer][i] == state->hand[currentPlayer][choice1])
branch  0 never executed
branch  1 never executed
        -:  853:		{
    #####:  854:		  discardCard(i, currentPlayer, state, 1);
call    0 never executed
    #####:  855:		  break;
        -:  856:		}
        -:  857:	    }
        -:  858:	}			
        -:  859:
    #####:  860:      return 0;
        -:  861:}
        -:  862:
function cardEffect called 0 returned 0% blocks executed 0%
    #####:  863:int cardEffect(int card, int choice1, int choice2, int choice3, struct gameState *state, int handPos, int *bonus)
        -:  864:{
        -:  865:  int i;
        -:  866:  int j;
        -:  867:  int k;
        -:  868:  int x;
        -:  869:  int index;
    #####:  870:  int currentPlayer = whoseTurn(state);
call    0 never executed
    #####:  871:  int nextPlayer = currentPlayer + 1;
        -:  872:
    #####:  873:  int tributeRevealedCards[2] = {-1, -1};
        -:  874:  int temphand[MAX_HAND];// moved above the if statement
        -:  875:
        -:  876:
        -:  877:  
    #####:  878:  if (nextPlayer > (state->numPlayers - 1)){
branch  0 never executed
branch  1 never executed
    #####:  879:    nextPlayer = 0;
        -:  880:  }
        -:  881:  
        -:  882:	
        -:  883:  //uses switch to select card and perform actions
    #####:  884:  switch( card ) 
branch  0 never executed
branch  1 never executed
branch  2 never executed
branch  3 never executed
branch  4 never executed
branch  5 never executed
branch  6 never executed
branch  7 never executed
branch  8 never executed
branch  9 never executed
branch 10 never executed
branch 11 never executed
branch 12 never executed
branch 13 never executed
branch 14 never executed
branch 15 never executed
branch 16 never executed
branch 17 never executed
branch 18 never executed
branch 19 never executed
branch 20 never executed
        -:  885:    {
        -:  886:    case adventurer:
    #####:  887:      adventurerCall(card, choice1, choice2, choice3, state, handPos, bonus);
call    0 never executed
        -:  888:			
        -:  889:    case council_room:
        -:  890:      //+4 Cards
    #####:  891:      for (i = 0; i < 4; i++)
branch  0 never executed
branch  1 never executed
        -:  892:	{
    #####:  893:	  drawCard(currentPlayer, state);
call    0 never executed
        -:  894:	}
        -:  895:			
        -:  896:      //+1 Buy
    #####:  897:      state->numBuys++;
        -:  898:			
        -:  899:      //Each other player draws a card
    #####:  900:      for (i = 0; i < state->numPlayers; i++)
branch  0 never executed
branch  1 never executed
        -:  901:	{
    #####:  902:	  if ( i != currentPlayer )
branch  0 never executed
branch  1 never executed
        -:  903:	    {
    #####:  904:	      drawCard(i, state);
call    0 never executed
        -:  905:	    }
        -:  906:	}
        -:  907:			
        -:  908:      //put played card in played card pile
    #####:  909:      discardCard(handPos, currentPlayer, state, 0);
call    0 never executed
        -:  910:			
    #####:  911:      return 0;
        -:  912:			
        -:  913:    case feast:
        -:  914:      //gain card with cost up to 5
        -:  915:      //Backup hand
    #####:  916:      for (i = 0; i <= state->handCount[currentPlayer]; i++){
branch  0 never executed
branch  1 never executed
    #####:  917:	temphand[i] = state->hand[currentPlayer][i];//Backup card
    #####:  918:	state->hand[currentPlayer][i] = -1;//Set to nothing
        -:  919:      }
        -:  920:      //Backup hand
        -:  921:
        -:  922:      //Update Coins for Buy
    #####:  923:      updateCoins(currentPlayer, state, 5);
call    0 never executed
    #####:  924:      x = 1;//Condition to loop on
    #####:  925:      while( x == 1) {//Buy one card
branch  0 never executed
branch  1 never executed
    #####:  926:	if (supplyCount(choice1, state) <= 0){
call    0 never executed
branch  1 never executed
branch  2 never executed
        -:  927:	  if (DEBUG)
        -:  928:	    printf("None of that card left, sorry!\n");
        -:  929:
        -:  930:	  if (DEBUG){
        -:  931:	    printf("Cards Left: %d\n", supplyCount(choice1, state));
        -:  932:	  }
        -:  933:	}
    #####:  934:	else if (state->coins < getCost(choice1)){
call    0 never executed
branch  1 never executed
branch  2 never executed
    #####:  935:	  printf("That card is too expensive!\n");
call    0 never executed
        -:  936:
        -:  937:	  if (DEBUG){
        -:  938:	    printf("Coins: %d < %d\n", state->coins, getCost(choice1));
        -:  939:	  }
        -:  940:	}
        -:  941:	else{
        -:  942:
        -:  943:	  if (DEBUG){
        -:  944:	    printf("Deck Count: %d\n", state->handCount[currentPlayer] + state->deckCount[currentPlayer] + state->discardCount[currentPlayer]);
        -:  945:	  }
        -:  946:
    #####:  947:	  gainCard(choice1, state, 0, currentPlayer);//Gain the card
call    0 never executed
    #####:  948:	  x = 0;//No more buying cards
        -:  949:
        -:  950:	  if (DEBUG){
        -:  951:	    printf("Deck Count: %d\n", state->handCount[currentPlayer] + state->deckCount[currentPlayer] + state->discardCount[currentPlayer]);
        -:  952:	  }
        -:  953:
        -:  954:	}
        -:  955:      }     
        -:  956:
        -:  957:      //Reset Hand
    #####:  958:      for (i = 0; i <= state->handCount[currentPlayer]; i++){
branch  0 never executed
branch  1 never executed
    #####:  959:	state->hand[currentPlayer][i] = temphand[i];
    #####:  960:	temphand[i] = -1;
        -:  961:      }
        -:  962:      //Reset Hand
        -:  963:      			
    #####:  964:      return 0;
        -:  965:			
        -:  966:    case gardens:
    #####:  967:      return -1;
        -:  968:			
        -:  969:    case mine:
    #####:  970:		mineCall(card, choice1, choice2, choice3, state, handPos, bonus);
call    0 never executed
        -:  971:      
        -:  972:			
        -:  973:    case remodel:
    #####:  974:      j = state->hand[currentPlayer][choice1];  //store card we will trash
        -:  975:
    #####:  976:      if ( (getCost(state->hand[currentPlayer][choice1]) + 2) > getCost(choice2) )
call    0 never executed
call    1 never executed
branch  2 never executed
branch  3 never executed
        -:  977:	{
    #####:  978:	  return -1;
        -:  979:	}
        -:  980:
    #####:  981:      gainCard(choice2, state, 0, currentPlayer);
call    0 never executed
        -:  982:
        -:  983:      //discard card from hand
    #####:  984:      discardCard(handPos, currentPlayer, state, 0);
call    0 never executed
        -:  985:
        -:  986:      //discard trashed card
    #####:  987:      for (i = 0; i < state->handCount[currentPlayer]; i++)
branch  0 never executed
branch  1 never executed
        -:  988:	{
    #####:  989:	  if (state->hand[currentPlayer][i] == j)
branch  0 never executed
branch  1 never executed
        -:  990:	    {
    #####:  991:	      discardCard(i, currentPlayer, state, 0);			
call    0 never executed
    #####:  992:	      break;
        -:  993:	    }
        -:  994:	}
        -:  995:
        -:  996:
    #####:  997:      return 0;
        -:  998:		
        -:  999:    case smithy:
    #####: 1000:		smithyCall(state, handPos); //refactored during cardtest1 
call    0 never executed
        -: 1001:      
        -: 1002:		
        -: 1003:    case village:
    #####: 1004:		villageCall(card, choice1, choice2, choice3, state, handPos, bonus);
call    0 never executed
        -: 1005:      
        -: 1006:		
        -: 1007:    case baron:
    #####: 1008:		baronCall(card, choice1, choice2, choice3, state, handPos, bonus);
call    0 never executed
        -: 1009:      
        -: 1010:		
        -: 1011:    case great_hall:
        -: 1012:      //+1 Card
    #####: 1013:      drawCard(currentPlayer, state);
call    0 never executed
        -: 1014:			
        -: 1015:      //+1 Actions
    #####: 1016:      state->numActions++;
        -: 1017:			
        -: 1018:      //discard card from hand
    #####: 1019:      discardCard(handPos, currentPlayer, state, 0);
call    0 never executed
    #####: 1020:      return 0;
        -: 1021:		
        -: 1022:    case minion:
        -: 1023:      //+1 action
    #####: 1024:      state->numActions++;
        -: 1025:			
        -: 1026:      //discard card from hand
    #####: 1027:      discardCard(handPos, currentPlayer, state, 0);
call    0 never executed
        -: 1028:			
    #####: 1029:      if (choice1)		//+2 coins
branch  0 never executed
branch  1 never executed
        -: 1030:	{
    #####: 1031:	  state->coins = state->coins + 2;
        -: 1032:	}
        -: 1033:			
    #####: 1034:      else if (choice2)		//discard hand, redraw 4, other players with 5+ cards discard hand and draw 4
branch  0 never executed
branch  1 never executed
        -: 1035:	{
        -: 1036:	  //discard hand
    #####: 1037:	  while(numHandCards(state) > 0)
call    0 never executed
branch  1 never executed
branch  2 never executed
        -: 1038:	    {
    #####: 1039:	      discardCard(handPos, currentPlayer, state, 0);
call    0 never executed
        -: 1040:	    }
        -: 1041:				
        -: 1042:	  //draw 4
    #####: 1043:	  for (i = 0; i < 4; i++)
branch  0 never executed
branch  1 never executed
        -: 1044:	    {
    #####: 1045:	      drawCard(currentPlayer, state);
call    0 never executed
        -: 1046:	    }
        -: 1047:				
        -: 1048:	  //other players discard hand and redraw if hand size > 4
    #####: 1049:	  for (i = 0; i < state->numPlayers; i++)
branch  0 never executed
branch  1 never executed
        -: 1050:	    {
    #####: 1051:	      if (i != currentPlayer)
branch  0 never executed
branch  1 never executed
        -: 1052:		{
    #####: 1053:		  if ( state->handCount[i] > 4 )
branch  0 never executed
branch  1 never executed
        -: 1054:		    {
        -: 1055:		      //discard hand
    #####: 1056:		      while( state->handCount[i] > 0 )
branch  0 never executed
branch  1 never executed
        -: 1057:			{
    #####: 1058:			  discardCard(handPos, i, state, 0);
call    0 never executed
        -: 1059:			}
        -: 1060:							
        -: 1061:		      //draw 4
    #####: 1062:		      for (j = 0; j < 4; j++)
branch  0 never executed
branch  1 never executed
        -: 1063:			{
    #####: 1064:			  drawCard(i, state);
call    0 never executed
        -: 1065:			}
        -: 1066:		    }
        -: 1067:		}
        -: 1068:	    }
        -: 1069:				
        -: 1070:	}
    #####: 1071:      return 0;
        -: 1072:		
        -: 1073:    case steward:
    #####: 1074:      if (choice1 == 1)
branch  0 never executed
branch  1 never executed
        -: 1075:	{
        -: 1076:	  //+2 cards
    #####: 1077:	  drawCard(currentPlayer, state);
call    0 never executed
    #####: 1078:	  drawCard(currentPlayer, state);
call    0 never executed
        -: 1079:	}
    #####: 1080:      else if (choice1 == 2)
branch  0 never executed
branch  1 never executed
        -: 1081:	{
        -: 1082:	  //+2 coins
    #####: 1083:	  state->coins = state->coins + 2;
        -: 1084:	}
        -: 1085:      else
        -: 1086:	{
        -: 1087:	  //trash 2 cards in hand
    #####: 1088:	  discardCard(choice2, currentPlayer, state, 1);
call    0 never executed
    #####: 1089:	  discardCard(choice3, currentPlayer, state, 1);
call    0 never executed
        -: 1090:	}
        -: 1091:			
        -: 1092:      //discard card from hand
    #####: 1093:      discardCard(handPos, currentPlayer, state, 0);
call    0 never executed
    #####: 1094:      return 0;
        -: 1095:		
        -: 1096:    case tribute:
    #####: 1097:      if ((state->discardCount[nextPlayer] + state->deckCount[nextPlayer]) <= 1){
branch  0 never executed
branch  1 never executed
    #####: 1098:	if (state->deckCount[nextPlayer] > 0){
branch  0 never executed
branch  1 never executed
    #####: 1099:	  tributeRevealedCards[0] = state->deck[nextPlayer][state->deckCount[nextPlayer]-1];
    #####: 1100:	  state->deckCount[nextPlayer]--;
        -: 1101:	}
    #####: 1102:	else if (state->discardCount[nextPlayer] > 0){
branch  0 never executed
branch  1 never executed
    #####: 1103:	  tributeRevealedCards[0] = state->discard[nextPlayer][state->discardCount[nextPlayer]-1];
    #####: 1104:	  state->discardCount[nextPlayer]--;
        -: 1105:	}
        -: 1106:	else{
        -: 1107:	  //No Card to Reveal
        -: 1108:	  if (DEBUG){
        -: 1109:	    printf("No cards to reveal\n");
        -: 1110:	  }
        -: 1111:	}
        -: 1112:      }
        -: 1113:	    
        -: 1114:      else{
    #####: 1115:	if (state->deckCount[nextPlayer] == 0){
branch  0 never executed
branch  1 never executed
    #####: 1116:	  for (i = 0; i < state->discardCount[nextPlayer]; i++){
branch  0 never executed
branch  1 never executed
    #####: 1117:	    state->deck[nextPlayer][i] = state->discard[nextPlayer][i];//Move to deck
    #####: 1118:	    state->deckCount[nextPlayer]++;
    #####: 1119:	    state->discard[nextPlayer][i] = -1;
    #####: 1120:	    state->discardCount[nextPlayer]--;
        -: 1121:	  }
        -: 1122:			    
    #####: 1123:	  shuffle(nextPlayer,state);//Shuffle the deck
call    0 never executed
        -: 1124:	} 
    #####: 1125:	tributeRevealedCards[0] = state->deck[nextPlayer][state->deckCount[nextPlayer]-1];
    #####: 1126:	state->deck[nextPlayer][state->deckCount[nextPlayer]--] = -1;
    #####: 1127:	state->deckCount[nextPlayer]--;
    #####: 1128:	tributeRevealedCards[1] = state->deck[nextPlayer][state->deckCount[nextPlayer]-1];
    #####: 1129:	state->deck[nextPlayer][state->deckCount[nextPlayer]--] = -1;
    #####: 1130:	state->deckCount[nextPlayer]--;
        -: 1131:      }    
        -: 1132:		       
    #####: 1133:      if (tributeRevealedCards[0] == tributeRevealedCards[1]){//If we have a duplicate card, just drop one 
branch  0 never executed
branch  1 never executed
    #####: 1134:	state->playedCards[state->playedCardCount] = tributeRevealedCards[1];
    #####: 1135:	state->playedCardCount++;
    #####: 1136:	tributeRevealedCards[1] = -1;
        -: 1137:      }
        -: 1138:
    #####: 1139:      for (i = 0; i <= 2; i ++){
branch  0 never executed
branch  1 never executed
    #####: 1140:	if (tributeRevealedCards[i] == copper || tributeRevealedCards[i] == silver || tributeRevealedCards[i] == gold){//Treasure cards
branch  0 never executed
branch  1 never executed
branch  2 never executed
branch  3 never executed
branch  4 never executed
branch  5 never executed
    #####: 1141:	  state->coins += 2;
        -: 1142:	}
        -: 1143:		    
    #####: 1144:	else if (tributeRevealedCards[i] == estate || tributeRevealedCards[i] == duchy || tributeRevealedCards[i] == province || tributeRevealedCards[i] == gardens || tributeRevealedCards[i] == great_hall){//Victory Card Found
branch  0 never executed
branch  1 never executed
branch  2 never executed
branch  3 never executed
branch  4 never executed
branch  5 never executed
branch  6 never executed
branch  7 never executed
branch  8 never executed
branch  9 never executed
    #####: 1145:	  drawCard(currentPlayer, state);
call    0 never executed
    #####: 1146:	  drawCard(currentPlayer, state);
call    0 never executed
        -: 1147:	}
        -: 1148:	else{//Action Card
    #####: 1149:	  state->numActions = state->numActions + 2;
        -: 1150:	}
        -: 1151:      }
        -: 1152:	    
    #####: 1153:      return 0;
        -: 1154:		
        -: 1155:    case ambassador:
    #####: 1156:		ambassadorCall(card, choice1, choice2, choice3, state, handPos, bonus);
call    0 never executed
        -: 1157:      
        -: 1158:		
        -: 1159:    case cutpurse:
        -: 1160:
    #####: 1161:      updateCoins(currentPlayer, state, 2);
call    0 never executed
    #####: 1162:      for (i = 0; i < state->numPlayers; i++)
branch  0 never executed
branch  1 never executed
        -: 1163:	{
    #####: 1164:	  if (i != currentPlayer)
branch  0 never executed
branch  1 never executed
        -: 1165:	    {
    #####: 1166:	      for (j = 0; j < state->handCount[i]; j++)
branch  0 never executed
branch  1 never executed
        -: 1167:		{
    #####: 1168:		  if (state->hand[i][j] == copper)
branch  0 never executed
branch  1 never executed
        -: 1169:		    {
    #####: 1170:		      discardCard(j, i, state, 0);
call    0 never executed
    #####: 1171:		      break;
        -: 1172:		    }
    #####: 1173:		  if (j == state->handCount[i])
branch  0 never executed
branch  1 never executed
        -: 1174:		    {
    #####: 1175:		      for (k = 0; k < state->handCount[i]; k++)
branch  0 never executed
branch  1 never executed
        -: 1176:			{
        -: 1177:			  if (DEBUG)
        -: 1178:			    printf("Player %d reveals card number %d\n", i, state->hand[i][k]);
        -: 1179:			}	
    #####: 1180:		      break;
        -: 1181:		    }		
        -: 1182:		}
        -: 1183:					
        -: 1184:	    }
        -: 1185:				
        -: 1186:	}				
        -: 1187:
        -: 1188:      //discard played card from hand
    #####: 1189:      discardCard(handPos, currentPlayer, state, 0);			
call    0 never executed
        -: 1190:
    #####: 1191:      return 0;
        -: 1192:
        -: 1193:		
        -: 1194:    case embargo: 
        -: 1195:      //+2 Coins
    #####: 1196:      state->coins = state->coins + 2;
        -: 1197:			
        -: 1198:      //see if selected pile is in play
    #####: 1199:      if ( state->supplyCount[choice1] == -1 )
branch  0 never executed
branch  1 never executed
        -: 1200:	{
    #####: 1201:	  return -1;
        -: 1202:	}
        -: 1203:			
        -: 1204:      //add embargo token to selected supply pile
    #####: 1205:      state->embargoTokens[choice1]++;
        -: 1206:			
        -: 1207:      //trash card
    #####: 1208:      discardCard(handPos, currentPlayer, state, 1);		
call    0 never executed
    #####: 1209:      return 0;
        -: 1210:		
        -: 1211:    case outpost:
        -: 1212:      //set outpost flag
    #####: 1213:      state->outpostPlayed++;
        -: 1214:			
        -: 1215:      //discard card
    #####: 1216:      discardCard(handPos, currentPlayer, state, 0);
call    0 never executed
    #####: 1217:      return 0;
        -: 1218:		
        -: 1219:    case salvager:
        -: 1220:      //+1 buy
    #####: 1221:      state->numBuys++;
        -: 1222:			
    #####: 1223:      if (choice1)
branch  0 never executed
branch  1 never executed
        -: 1224:	{
        -: 1225:	  //gain coins equal to trashed card
    #####: 1226:	  state->coins = state->coins + getCost( handCard(choice1, state) );
call    0 never executed
call    1 never executed
        -: 1227:	  //trash card
    #####: 1228:	  discardCard(choice1, currentPlayer, state, 1);	
call    0 never executed
        -: 1229:	}
        -: 1230:			
        -: 1231:      //discard card
    #####: 1232:      discardCard(handPos, currentPlayer, state, 0);
call    0 never executed
    #####: 1233:      return 0;
        -: 1234:		
        -: 1235:    case sea_hag:
    #####: 1236:      for (i = 0; i < state->numPlayers; i++){
branch  0 never executed
branch  1 never executed
    #####: 1237:	if (i != currentPlayer){
branch  0 never executed
branch  1 never executed
    #####: 1238:	  state->discard[i][state->discardCount[i]] = state->deck[i][state->deckCount[i]--];			    state->deckCount[i]--;
    #####: 1239:	  state->discardCount[i]++;
    #####: 1240:	  state->deck[i][state->deckCount[i]--] = curse;//Top card now a curse
        -: 1241:	}
        -: 1242:      }
    #####: 1243:      return 0;
        -: 1244:		
        -: 1245:    case treasure_map:
        -: 1246:      //search hand for another treasure_map
    #####: 1247:      index = -1;
    #####: 1248:      for (i = 0; i < state->handCount[currentPlayer]; i++)
branch  0 never executed
branch  1 never executed
        -: 1249:	{
    #####: 1250:	  if (state->hand[currentPlayer][i] == treasure_map && i != handPos)
branch  0 never executed
branch  1 never executed
branch  2 never executed
branch  3 never executed
        -: 1251:	    {
    #####: 1252:	      index = i;
    #####: 1253:	      break;
        -: 1254:	    }
        -: 1255:	}
    #####: 1256:      if (index > -1)
branch  0 never executed
branch  1 never executed
        -: 1257:	{
        -: 1258:	  //trash both treasure cards
    #####: 1259:	  discardCard(handPos, currentPlayer, state, 1);
call    0 never executed
    #####: 1260:	  discardCard(index, currentPlayer, state, 1);
call    0 never executed
        -: 1261:
        -: 1262:	  //gain 4 Gold cards
    #####: 1263:	  for (i = 0; i < 4; i++)
branch  0 never executed
branch  1 never executed
        -: 1264:	    {
    #####: 1265:	      gainCard(gold, state, 1, currentPlayer);
call    0 never executed
        -: 1266:	    }
        -: 1267:				
        -: 1268:	  //return success
    #####: 1269:	  return 1;
        -: 1270:	}
        -: 1271:			
        -: 1272:      //no second treasure_map found in hand
    #####: 1273:      return -1;
        -: 1274:    }
        -: 1275:	
    #####: 1276:  return -1;
        -: 1277:}
        -: 1278:
function discardCard called 8 returned 100% blocks executed 78%
        8: 1279:int discardCard(int handPos, int currentPlayer, struct gameState *state, int trashFlag)
        -: 1280:{
        -: 1281:	
        -: 1282:  //if card is not trashed, added to Played pile 
        8: 1283:  if (trashFlag < 1)
branch  0 taken 100% (fallthrough)
branch  1 taken 0%
        -: 1284:    {
        -: 1285:      //add card to played pile
        8: 1286:      state->playedCards[state->playedCardCount] = state->hand[currentPlayer][handPos]; 
        8: 1287:      state->playedCardCount++;
        -: 1288:    }
        -: 1289:	
        -: 1290:  //set played card to -1
        8: 1291:  state->hand[currentPlayer][handPos] = -1;
        -: 1292:	
        -: 1293:  //remove card from player's hand
        8: 1294:  if ( handPos == (state->handCount[currentPlayer] - 1) ) 	//last card in hand array is played
branch  0 taken 0% (fallthrough)
branch  1 taken 100%
        -: 1295:    {
        -: 1296:      //reduce number of cards in hand
    #####: 1297:      state->handCount[currentPlayer]--;
        -: 1298:    }
        8: 1299:  else if ( state->handCount[currentPlayer] == 1 ) //only one card in hand
branch  0 taken 0% (fallthrough)
branch  1 taken 100%
        -: 1300:    {
        -: 1301:      //reduce number of cards in hand
    #####: 1302:      state->handCount[currentPlayer]--;
        -: 1303:    }
        -: 1304:  else 	
        -: 1305:    {
        -: 1306:      //replace discarded card with last card in hand
        8: 1307:      state->hand[currentPlayer][handPos] = state->hand[currentPlayer][ (state->handCount[currentPlayer] - 1)];
        -: 1308:      //set last card to -1
        8: 1309:      state->hand[currentPlayer][state->handCount[currentPlayer] - 1] = -1;
        -: 1310:      //reduce number of cards in hand
        8: 1311:      state->handCount[currentPlayer]--;
        -: 1312:    }
        -: 1313:	
        8: 1314:  return 0;
        -: 1315:}
        -: 1316:
function gainCard called 3 returned 100% blocks executed 80%
        3: 1317:int gainCard(int supplyPos, struct gameState *state, int toFlag, int player)
        -: 1318:{
        -: 1319:  //Note: supplyPos is enum of choosen card
        -: 1320:	
        -: 1321:  //check if supply pile is empty (0) or card is not used in game (-1)
        3: 1322:  if ( supplyCount(supplyPos, state) < 1 )
call    0 returned 100%
branch  1 taken 67% (fallthrough)
branch  2 taken 33%
        -: 1323:    {
        2: 1324:      return -1;
        -: 1325:    }
        -: 1326:	
        -: 1327:  //added card for [whoseTurn] current player:
        -: 1328:  // toFlag = 0 : add to discard
        -: 1329:  // toFlag = 1 : add to deck
        -: 1330:  // toFlag = 2 : add to hand
        -: 1331:
        1: 1332:  if (toFlag == 1)
branch  0 taken 0% (fallthrough)
branch  1 taken 100%
        -: 1333:    {
    #####: 1334:      state->deck[ player ][ state->deckCount[player] ] = supplyPos;
    #####: 1335:      state->deckCount[player]++;
        -: 1336:    }
        1: 1337:  else if (toFlag == 2)
branch  0 taken 100% (fallthrough)
branch  1 taken 0%
        -: 1338:    {
        1: 1339:      state->hand[ player ][ state->handCount[player] ] = supplyPos;
        1: 1340:      state->handCount[player]++;
        -: 1341:    }
        -: 1342:  else
        -: 1343:    {
    #####: 1344:      state->discard[player][ state->discardCount[player] ] = supplyPos;
    #####: 1345:      state->discardCount[player]++;
        -: 1346:    }
        -: 1347:	
        -: 1348:  //decrease number in supply pile
        1: 1349:  state->supplyCount[supplyPos]--;
        -: 1350:	 
        1: 1351:  return 0;
        -: 1352:}
        -: 1353:
function updateCoins called 16 returned 100% blocks executed 100%
       16: 1354:int updateCoins(int player, struct gameState *state, int bonus)
        -: 1355:{
        -: 1356:  int i;
        -: 1357:	
        -: 1358:  //reset coin count
       16: 1359:  state->coins = 0;
        -: 1360:
        -: 1361:  //add coins for each Treasure card in player's hand
       95: 1362:  for (i = 0; i < state->handCount[player]; i++)
branch  0 taken 83%
branch  1 taken 17% (fallthrough)
        -: 1363:    {
       79: 1364:      if (state->hand[player][i] == copper)
branch  0 taken 66% (fallthrough)
branch  1 taken 34%
        -: 1365:	{
       52: 1366:	  state->coins += 1;
        -: 1367:	}
       27: 1368:      else if (state->hand[player][i] == silver)
branch  0 taken 44% (fallthrough)
branch  1 taken 56%
        -: 1369:	{
       12: 1370:	  state->coins += 2;
        -: 1371:	}
       15: 1372:      else if (state->hand[player][i] == gold)
branch  0 taken 27% (fallthrough)
branch  1 taken 73%
        -: 1373:	{
        4: 1374:	  state->coins += 3;
        -: 1375:	}	
        -: 1376:    }	
        -: 1377:
        -: 1378:  //add bonus
       16: 1379:  state->coins += bonus;
        -: 1380:
       16: 1381:  return 0;
        -: 1382:}
        -: 1383:
        -: 1384:
        -: 1385://end of dominion.c
        -: 1386:
